<?xml version="1.0" encoding="UTF-8"?>
<!-- Generated by org.testng.reporters.JUnitXMLReporter -->
<testsuite ignored="0" hostname="DESKTOP-4GSVHLM" failures="0" tests="2" name="error validations" time="35.944" errors="0" timestamp="2023-10-09T20:28:38 IST">
  <testcase classname="learningselenium.Tests.ErrorValidationsTest" name="LoginErrorValidation" time="1.569"/>
  <testcase classname="learningselenium.Tests.ErrorValidationsTest" name="ProductErrorValidation" time="5.979"/>
</testsuite> <!-- error validations -->
