<?xml version="1.0" encoding="UTF-8"?>
<!-- Generated by org.testng.reporters.JUnitXMLReporter -->
<testsuite ignored="0" hostname="DESKTOP-4GSVHLM" failures="0" tests="2" name="error validations" time="52.551" errors="0" timestamp="2023-10-02T17:52:06 IST">
  <testcase classname="learningselenium.Tests.ErrorValidationsTest" name="LoginErrorValidation" time="2.649"/>
  <testcase classname="learningselenium.Tests.ErrorValidationsTest" name="ProductErrorValidation" time="3.79"/>
</testsuite> <!-- error validations -->
