<?xml version="1.0" encoding="UTF-8"?>
<!-- Generated by org.testng.reporters.JUnitXMLReporter -->
<testsuite ignored="0" hostname="DESKTOP-4GSVHLM" failures="0" tests="3" name="submit order" time="69.732" errors="0" timestamp="2023-10-11T18:48:59 IST">
  <testcase classname="learningselenium.Tests.SubmitOrderTest" name="submitOrder" time="11.556"/>
  <testcase classname="learningselenium.Tests.SubmitOrderTest" name="submitOrder" time="4.376"/>
  <testcase classname="learningselenium.Tests.SubmitOrderTest" name="orderHistoryTest" time="1.81"/>
</testsuite> <!-- submit order -->
