<?xml version="1.0" encoding="UTF-8"?>
<!-- Generated by org.testng.reporters.JUnitXMLReporter -->
<testsuite ignored="0" hostname="DESKTOP-4GSVHLM" failures="0" tests="3" name="submit order" time="68.278" errors="0" timestamp="2023-10-02T17:52:21 IST">
  <testcase classname="learningselenium.Tests.SubmitOrderTest" name="submitOrder" time="8.574"/>
  <testcase classname="learningselenium.Tests.SubmitOrderTest" name="submitOrder" time="7.688"/>
  <testcase classname="learningselenium.Tests.SubmitOrderTest" name="orderHistoryTest" time="1.536"/>
</testsuite> <!-- submit order -->
