<?xml version="1.0" encoding="UTF-8"?>
<!-- Generated by org.testng.reporters.JUnitXMLReporter -->
<testsuite ignored="0" hostname="DESKTOP-4GSVHLM" failures="0" tests="3" name="Test" time="39.685" errors="0" timestamp="2023-09-29T18:19:42 IST">
  <testcase classname="learningselenium.Tests.ErrorValidations" name="LoginErrorValidation" time="1.044"/>
  <testcase classname="learningselenium.Tests.ErrorValidations" name="ProductErrorValidation" time="3.122"/>
  <testcase classname="learningselenium.Tests.SubmitOrderTest" name="submitOrder" time="4.336"/>
</testsuite> <!-- Test -->
