<?xml version="1.0" encoding="UTF-8"?>
<!-- Generated by org.testng.reporters.JUnitXMLReporter -->
<testsuite ignored="0" hostname="DESKTOP-4GSVHLM" failures="0" tests="3" name="submit order" time="72.701" errors="0" timestamp="2023-10-02T15:54:05 IST">
  <testcase classname="learningselenium.Tests.SubmitOrderTest" name="submitOrder" time="7.641"/>
  <testcase classname="learningselenium.Tests.SubmitOrderTest" name="submitOrder" time="5.164"/>
  <testcase classname="learningselenium.Tests.SubmitOrderTest" name="orderHistoryTest" time="1.843"/>
</testsuite> <!-- submit order -->
